Arguments: 
  C:\Program Files\nodejs\node.exe C:\Users\Noman\AppData\Roaming\npm\node_modules\yarn\bin\yarn.js

PATH: 
  E:\E-book\4-1\Courses\CSE-408\Dev_by_noshin\Js_venv\Scripts;C:\Program Files\NVIDIA GPU Computing Toolkit\CUDA\v11.3\bin;C:\Program Files\NVIDIA GPU Computing Toolkit\CUDA\v11.3\libnvvp;C:\Python310\Scripts\;C:\Python310\;C:\Program Files (x86)\Common Files\Oracle\Java\javapath;C:\Program Files\Common Files\Oracle\Java\javapath;C:\Windows\system32;C:\Windows;C:\Windows\System32\Wbem;C:\Windows\System32\WindowsPowerShell\v1.0\;C:\Windows\System32\OpenSSH\;C:\Program Files (x86)\NVIDIA Corporation\PhysX\Common;C:\Program Files\NVIDIA Corporation\NVIDIA NvDLISR;D:\jdk-11.0.12\bin;D:\sonar-scanner-4.6.2.2472-windows\bin;C:\ProgramData\chocolatey\bin;C:\Program Files\Git\cmd;C:\Program Files\nodejs\;C:\Program Files\Git\bin;C:\Users\Noman\AppData\Local\Programs\Python\Python39\Scripts\;C:\Users\Noman\AppData\Local\Programs\Python\Python39\;C:\Users\Noman\AppData\Local\Microsoft\WindowsApps;C:\Users\Noman\AppData\Local\Programs\Microsoft VS Code\bin;C:\texlive\2021\bin\win32;C:\Program Files (x86)\mingw-w64\i686-8.1.0-posix-dwarf-rt_v6-rev0\mingw32\bin;C:\Users\Noman\AppData\Roaming\npm

Yarn version: 
  1.22.19

Node version: 
  16.15.0

Platform: 
  win32 x64

Trace: 
  Error: EPERM: operation not permitted, unlink 'C:\Users\Noman\AppData\Local\Yarn\Cache\v6\npm-date-fns-2.29.1-integrity\node_modules\date-fns\.yarn-tarball.tgz'

npm manifest: 
  {
    "dependencies": {
      "@mui/x-date-pickers": "^5.0.0-beta.5",
      "bootstrap": "^5.2.0",
      "date-fns": "^2.29.1",
      "moment": "^2.29.4"
    }
  }

yarn manifest: 
  No manifest

Lockfile: 
  # THIS IS AN AUTOGENERATED FILE. DO NOT EDIT THIS FILE DIRECTLY.
  # yarn lockfile v1
  
  
  "@babel/runtime@^7.17.2", "@babel/runtime@^7.18.6", "@babel/runtime@^7.5.5", "@babel/runtime@^7.8.7":
    "integrity" "sha512-lkqXDcvlFT5rvEjiu6+QYO+1GXrEHRo2LOtS7E4GtX5ESIZOgepqsZBVIj6Pv+a6zqsya9VCgiK1KAK4BvJDAw=="
    "resolved" "https://registry.npmjs.org/@babel/runtime/-/runtime-7.18.9.tgz"
    "version" "7.18.9"
    dependencies:
      "regenerator-runtime" "^0.13.4"
  
  "@date-io/core@^2.14.0", "@date-io/core@^2.15.0":
    "integrity" "sha512-3CRvQUEK7aF87NUOwcTtmJ2Rc1kN0D4jFQUfRoanuAnE4o5HzHx4E2YenjaKjSPWeZYiWG6ZhDomx5hp1AaCJA=="
    "resolved" "https://registry.npmjs.org/@date-io/core/-/core-2.15.0.tgz"
    "version" "2.15.0"
  
  "@date-io/date-fns@^2.14.0":
    "integrity" "sha512-hkVeLm0jijHS2F9YVQcf0LSlD55w9xPvvIfuxDE0XWNXOTcRAAhqw2aqOxyeGbmHxc5U4HqyPZaqs9tfeTsomQ=="
    "resolved" "https://registry.npmjs.org/@date-io/date-fns/-/date-fns-2.15.0.tgz"
    "version" "2.15.0"
    dependencies:
      "@date-io/core" "^2.15.0"
  
  "@date-io/dayjs@^2.14.0":
    "integrity" "sha512-wgYzwaXr9KxkHNYxrOb1t8fYLfAdjIf0Q86qdVCwANObcvyGcPBm0uFtpPK7ApeE4DJUlbuG0IX75TtO+uITwQ=="
    "resolved" "https://registry.npmjs.org/@date-io/dayjs/-/dayjs-2.15.0.tgz"
    "version" "2.15.0"
    dependencies:
      "@date-io/core" "^2.15.0"
  
  "@date-io/luxon@^2.14.0":
    "integrity" "sha512-CxTRCo5AM96ainnYaTpe1NS9GiA78SIgXBScgeAresCS20AvMcOd5XKerDj+y/KLhbSQbU6WUDqG9QcsrImXyQ=="
    "resolved" "https://registry.npmjs.org/@date-io/luxon/-/luxon-2.15.0.tgz"
    "version" "2.15.0"
    dependencies:
      "@date-io/core" "^2.15.0"
  
  "@date-io/moment@^2.14.0":
    "integrity" "sha512-AcYBjl3EnEGsByaM5ir644CKbhgJsgc1iWFa9EXfdb4fQexxOC8oCdPAurK2ZDTwg62odyyKa/05YE7ElYh5ag=="
    "resolved" "https://registry.npmjs.org/@date-io/moment/-/moment-2.15.0.tgz"
    "version" "2.15.0"
    dependencies:
      "@date-io/core" "^2.15.0"
  
  "@mui/utils@^5.4.1":
    "integrity" "sha512-l0N5bcrenE9hnwZ/jPecpIRqsDFHkPXoFUcmkgysaJwVZzJ3yQkGXB47eqmXX5yyGrSc6HksbbqXEaUya+siew=="
    "resolved" "https://registry.npmjs.org/@mui/utils/-/utils-5.9.3.tgz"
    "version" "5.9.3"
    dependencies:
      "@babel/runtime" "^7.17.2"
      "@types/prop-types" "^15.7.5"
      "@types/react-is" "^16.7.1 || ^17.0.0"
      "prop-types" "^15.8.1"
      "react-is" "^18.2.0"
  
  "@mui/x-date-pickers@^5.0.0-beta.5":
    "integrity" "sha512-pCVNSHuAcndEJACVS/v2AKBSXemqmhzVvOdsPS9hOIOzGSYawrbCEuhI9+o0/NR/pFLz+JcIYrnVV/Zx8f2ZEw=="
    "resolved" "https://registry.npmjs.org/@mui/x-date-pickers/-/x-date-pickers-5.0.0-beta.5.tgz"
    "version" "5.0.0-beta.5"
    dependencies:
      "@babel/runtime" "^7.18.6"
      "@date-io/core" "^2.14.0"
      "@date-io/date-fns" "^2.14.0"
      "@date-io/dayjs" "^2.14.0"
      "@date-io/luxon" "^2.14.0"
      "@date-io/moment" "^2.14.0"
      "@mui/utils" "^5.4.1"
      "@types/react-transition-group" "^4.4.5"
      "clsx" "^1.2.1"
      "prop-types" "^15.7.2"
      "react-transition-group" "^4.4.2"
      "rifm" "^0.12.1"
  
  "@types/prop-types@*", "@types/prop-types@^15.7.5":
    "integrity" "sha512-JCB8C6SnDoQf0cNycqd/35A7MjcnK+ZTqE7judS6o7utxUCg6imJg3QK2qzHKszlTjcj2cn+NwMB2i96ubpj7w=="
    "resolved" "https://registry.npmjs.org/@types/prop-types/-/prop-types-15.7.5.tgz"
    "version" "15.7.5"
  
  "@types/react-is@^16.7.1 || ^17.0.0":
    "integrity" "sha512-aBTIWg1emtu95bLTLx0cpkxwGW3ueZv71nE2YFBpL8k/z5czEW8yYpOo8Dp+UUAFAtKwNaOsh/ioSeQnWlZcfw=="
    "resolved" "https://registry.npmjs.org/@types/react-is/-/react-is-17.0.3.tgz"
    "version" "17.0.3"
    dependencies:
      "@types/react" "*"
  
  "@types/react-transition-group@^4.4.5":
    "integrity" "sha512-juKD/eiSM3/xZYzjuzH6ZwpP+/lejltmiS3QEzV/vmb/Q8+HfDmxu+Baga8UEMGBqV88Nbg4l2hY/K2DkyaLLA=="
    "resolved" "https://registry.npmjs.org/@types/react-transition-group/-/react-transition-group-4.4.5.tgz"
    "version" "4.4.5"
    dependencies:
      "@types/react" "*"
  
  "@types/react@*":
    "integrity" "sha512-38ETy4tL+rn4uQQi7mB81G7V1g0u2ryquNmsVIOKUAEIDK+3CUjZ6rSRpdvS99dNBnkLFL83qfmtLacGOTIhwQ=="
    "resolved" "https://registry.npmjs.org/@types/react/-/react-18.0.17.tgz"
    "version" "18.0.17"
    dependencies:
      "@types/prop-types" "*"
      "@types/scheduler" "*"
      "csstype" "^3.0.2"
  
  "@types/scheduler@*":
    "integrity" "sha512-hppQEBDmlwhFAXKJX2KnWLYu5yMfi91yazPb2l+lbJiwW+wdo1gNeRA+3RgNSO39WYX2euey41KEwnqesU2Jew=="
    "resolved" "https://registry.npmjs.org/@types/scheduler/-/scheduler-0.16.2.tgz"
    "version" "0.16.2"
  
  "bootstrap@^5.2.0":
    "integrity" "sha512-qlnS9GL6YZE6Wnef46GxGv1UpGGzAwO0aPL1yOjzDIJpeApeMvqV24iL+pjr2kU4dduoBA9fINKWKgMToobx9A=="
    "resolved" "https://registry.npmjs.org/bootstrap/-/bootstrap-5.2.0.tgz"
    "version" "5.2.0"
  
  "clsx@^1.2.1":
    "integrity" "sha512-EcR6r5a8bj6pu3ycsa/E/cKVGuTgZJZdsyUYHOksG/UHIiKfjxzRxYJpyVBwYaQeOvghal9fcc4PidlgzugAQg=="
    "resolved" "https://registry.npmjs.org/clsx/-/clsx-1.2.1.tgz"
    "version" "1.2.1"
  
  "csstype@^3.0.2":
    "integrity" "sha512-uX1KG+x9h5hIJsaKR9xHUeUraxf8IODOwq9JLNPq6BwB04a/xgpq3rcx47l5BZu5zBPlgD342tdke3Hom/nJRA=="
    "resolved" "https://registry.npmjs.org/csstype/-/csstype-3.1.0.tgz"
    "version" "3.1.0"
  
  "date-fns@^2.29.1":
    "integrity" "sha512-dlLD5rKaKxpFdnjrs+5azHDFOPEu4ANy/LTh04A1DTzMM7qoajmKCBc8pkKRFT41CNzw+4gQh79X5C+Jq27HAw=="
    "resolved" "https://registry.npmjs.org/date-fns/-/date-fns-2.29.1.tgz"
    "version" "2.29.1"
  
  "dom-helpers@^5.0.1":
    "integrity" "sha512-nRCa7CK3VTrM2NmGkIy4cbK7IZlgBE/PYMn55rrXefr5xXDP0LdtfPnblFDoVdcAfslJ7or6iqAUnx0CCGIWQA=="
    "resolved" "https://registry.npmjs.org/dom-helpers/-/dom-helpers-5.2.1.tgz"
    "version" "5.2.1"
    dependencies:
      "@babel/runtime" "^7.8.7"
      "csstype" "^3.0.2"
  
  "js-tokens@^3.0.0 || ^4.0.0":
    "integrity" "sha512-RdJUflcE3cUzKiMqQgsCu06FPu9UdIJO0beYbPhHN4k6apgJtifcoCtT9bcxOpYBtpD2kCM6Sbzg4CausW/PKQ=="
    "resolved" "https://registry.npmjs.org/js-tokens/-/js-tokens-4.0.0.tgz"
    "version" "4.0.0"
  
  "loose-envify@^1.4.0":
    "integrity" "sha512-lyuxPGr/Wfhrlem2CL/UcnUc1zcqKAImBDzukY7Y5F/yQiNdko6+fRLevlw1HgMySw7f611UIY408EtxRSoK3Q=="
    "resolved" "https://registry.npmjs.org/loose-envify/-/loose-envify-1.4.0.tgz"
    "version" "1.4.0"
    dependencies:
      "js-tokens" "^3.0.0 || ^4.0.0"
  
  "moment@^2.29.4":
    "integrity" "sha512-5LC9SOxjSc2HF6vO2CyuTDNivEdoz2IvyJJGj6X8DJ0eFyfszE0QiEd+iXmBvUP3WHxSjFH/vIsA0EN00cgr8w=="
    "resolved" "https://registry.npmjs.org/moment/-/moment-2.29.4.tgz"
    "version" "2.29.4"
  
  "object-assign@^4.1.1":
    "integrity" "sha512-rJgTQnkUnH1sFw8yT6VSU3zD3sWmu6sZhIseY8VX+GRu3P6F7Fu+JNDoXfklElbLJSnc3FUQHVe4cU5hj+BcUg=="
    "resolved" "https://registry.npmjs.org/object-assign/-/object-assign-4.1.1.tgz"
    "version" "4.1.1"
  
  "prop-types@^15.6.2", "prop-types@^15.7.2", "prop-types@^15.8.1":
    "integrity" "sha512-oj87CgZICdulUohogVAR7AjlC0327U4el4L6eAvOqCeudMDVU0NThNaV+b9Df4dXgSP1gXMTnPdhfe/2qDH5cg=="
    "resolved" "https://registry.npmjs.org/prop-types/-/prop-types-15.8.1.tgz"
    "version" "15.8.1"
    dependencies:
      "loose-envify" "^1.4.0"
      "object-assign" "^4.1.1"
      "react-is" "^16.13.1"
  
  "react-is@^16.13.1":
    "integrity" "sha512-24e6ynE2H+OKt4kqsOvNd8kBpV65zoxbA4BVsEOB3ARVWQki/DHzaUoC5KuON/BiccDaCCTZBuOcfZs70kR8bQ=="
    "resolved" "https://registry.npmjs.org/react-is/-/react-is-16.13.1.tgz"
    "version" "16.13.1"
  
  "react-is@^18.2.0":
    "integrity" "sha512-xWGDIW6x921xtzPkhiULtthJHoJvBbF3q26fzloPCK0hsvxtPVelvftw3zjbHWSkR2km9Z+4uxbDDK/6Zw9B8w=="
    "resolved" "https://registry.npmjs.org/react-is/-/react-is-18.2.0.tgz"
    "version" "18.2.0"
  
  "react-transition-group@^4.4.2":
    "integrity" "sha512-pZcd1MCJoiKiBR2NRxeCRg13uCXbydPnmB4EOeRrY7480qNWO8IIgQG6zlDkm6uRMsURXPuKq0GWtiM59a5Q6g=="
    "resolved" "https://registry.npmjs.org/react-transition-group/-/react-transition-group-4.4.5.tgz"
    "version" "4.4.5"
    dependencies:
      "@babel/runtime" "^7.5.5"
      "dom-helpers" "^5.0.1"
      "loose-envify" "^1.4.0"
      "prop-types" "^15.6.2"
  
  "regenerator-runtime@^0.13.4":
    "integrity" "sha512-p3VT+cOEgxFsRRA9X4lkI1E+k2/CtnKtU4gcxyaCUreilL/vqI6CdZ3wxVUx3UOUg+gnUOQQcRI7BmSI656MYA=="
    "resolved" "https://registry.npmjs.org/regenerator-runtime/-/regenerator-runtime-0.13.9.tgz"
    "version" "0.13.9"
  
  "rifm@^0.12.1":
    "integrity" "sha512-OGA1Bitg/dSJtI/c4dh90svzaUPt228kzFsUkJbtA2c964IqEAwWXeL9ZJi86xWv3j5SMqRvGULl7bA6cK0Bvg=="
    "resolved" "https://registry.npmjs.org/rifm/-/rifm-0.12.1.tgz"
    "version" "0.12.1"
